Determining if the pthread_create exist failed with the following output:
Change Dir: /u9/l34nguye/cs488/shared/glfw-3.1.1/build/CMakeFiles/CMakeTmp

Run Build Command:/usr/bin/make "cmTryCompileExec3094221798/fast"
/usr/bin/make -f CMakeFiles/cmTryCompileExec3094221798.dir/build.make CMakeFiles/cmTryCompileExec3094221798.dir/build
make[1]: Entering directory `/u9/l34nguye/cs488/shared/glfw-3.1.1/build/CMakeFiles/CMakeTmp'
/usr/bin/cmake -E cmake_progress_report /u9/l34nguye/cs488/shared/glfw-3.1.1/build/CMakeFiles/CMakeTmp/CMakeFiles 1
Building C object CMakeFiles/cmTryCompileExec3094221798.dir/CheckSymbolExists.c.o
/usr/bin/cc    -o CMakeFiles/cmTryCompileExec3094221798.dir/CheckSymbolExists.c.o   -c /u9/l34nguye/cs488/shared/glfw-3.1.1/build/CMakeFiles/CMakeTmp/CheckSymbolExists.c
Linking C executable cmTryCompileExec3094221798
/usr/bin/cmake -E cmake_link_script CMakeFiles/cmTryCompileExec3094221798.dir/link.txt --verbose=1
/usr/bin/cc       CMakeFiles/cmTryCompileExec3094221798.dir/CheckSymbolExists.c.o  -o cmTryCompileExec3094221798 -rdynamic 
CMakeFiles/cmTryCompileExec3094221798.dir/CheckSymbolExists.c.o: In function `main':
CheckSymbolExists.c:(.text+0x16): undefined reference to `pthread_create'
collect2: error: ld returned 1 exit status
make[1]: *** [cmTryCompileExec3094221798] Error 1
make[1]: Leaving directory `/u9/l34nguye/cs488/shared/glfw-3.1.1/build/CMakeFiles/CMakeTmp'
make: *** [cmTryCompileExec3094221798/fast] Error 2

File /u9/l34nguye/cs488/shared/glfw-3.1.1/build/CMakeFiles/CMakeTmp/CheckSymbolExists.c:
/* */
#include <pthread.h>

int main(int argc, char** argv)
{
  (void)argv;
#ifndef pthread_create
  return ((int*)(&pthread_create))[argc];
#else
  (void)argc;
  return 0;
#endif
}

Determining if the function pthread_create exists in the pthreads failed with the following output:
Change Dir: /u9/l34nguye/cs488/shared/glfw-3.1.1/build/CMakeFiles/CMakeTmp

Run Build Command:/usr/bin/make "cmTryCompileExec1624819863/fast"
/usr/bin/make -f CMakeFiles/cmTryCompileExec1624819863.dir/build.make CMakeFiles/cmTryCompileExec1624819863.dir/build
make[1]: Entering directory `/u9/l34nguye/cs488/shared/glfw-3.1.1/build/CMakeFiles/CMakeTmp'
/usr/bin/cmake -E cmake_progress_report /u9/l34nguye/cs488/shared/glfw-3.1.1/build/CMakeFiles/CMakeTmp/CMakeFiles 1
Building C object CMakeFiles/cmTryCompileExec1624819863.dir/CheckFunctionExists.c.o
/usr/bin/cc   -DCHECK_FUNCTION_EXISTS=pthread_create   -o CMakeFiles/cmTryCompileExec1624819863.dir/CheckFunctionExists.c.o   -c /usr/share/cmake-2.8/Modules/CheckFunctionExists.c
Linking C executable cmTryCompileExec1624819863
/usr/bin/cmake -E cmake_link_script CMakeFiles/cmTryCompileExec1624819863.dir/link.txt --verbose=1
/usr/bin/cc   -DCHECK_FUNCTION_EXISTS=pthread_create    CMakeFiles/cmTryCompileExec1624819863.dir/CheckFunctionExists.c.o  -o cmTryCompileExec1624819863 -rdynamic -lpthreads 
/usr/bin/ld: cannot find -lpthreads
collect2: error: ld returned 1 exit status
make[1]: Leaving directory `/u9/l34nguye/cs488/shared/glfw-3.1.1/build/CMakeFiles/CMakeTmp'
make[1]: *** [cmTryCompileExec1624819863] Error 1
make: *** [cmTryCompileExec1624819863/fast] Error 2


Determining if the function glXGetProcAddressEXT exists failed with the following output:
Change Dir: /u9/l34nguye/cs488/shared/glfw-3.1.1/build/CMakeFiles/CMakeTmp

Run Build Command:/usr/bin/make "cmTryCompileExec3563791983/fast"
/usr/bin/make -f CMakeFiles/cmTryCompileExec3563791983.dir/build.make CMakeFiles/cmTryCompileExec3563791983.dir/build
make[1]: Entering directory `/u9/l34nguye/cs488/shared/glfw-3.1.1/build/CMakeFiles/CMakeTmp'
/usr/bin/cmake -E cmake_progress_report /u9/l34nguye/cs488/shared/glfw-3.1.1/build/CMakeFiles/CMakeTmp/CMakeFiles 1
Building C object CMakeFiles/cmTryCompileExec3563791983.dir/CheckFunctionExists.c.o
/usr/bin/cc   -DCHECK_FUNCTION_EXISTS=glXGetProcAddressEXT   -o CMakeFiles/cmTryCompileExec3563791983.dir/CheckFunctionExists.c.o   -c /usr/share/cmake-2.8/Modules/CheckFunctionExists.c
Linking C executable cmTryCompileExec3563791983
/usr/bin/cmake -E cmake_link_script CMakeFiles/cmTryCompileExec3563791983.dir/link.txt --verbose=1
/usr/bin/cc   -DCHECK_FUNCTION_EXISTS=glXGetProcAddressEXT    CMakeFiles/cmTryCompileExec3563791983.dir/CheckFunctionExists.c.o  -o cmTryCompileExec3563791983 -rdynamic -lGL 
CMakeFiles/cmTryCompileExec3563791983.dir/CheckFunctionExists.c.o: In function `main':
CheckFunctionExists.c:(.text+0x15): undefined reference to `glXGetProcAddressEXT'
collect2: error: ld returned 1 exit status
make[1]: *** [cmTryCompileExec3563791983] Error 1
make[1]: Leaving directory `/u9/l34nguye/cs488/shared/glfw-3.1.1/build/CMakeFiles/CMakeTmp'
make: *** [cmTryCompileExec3563791983/fast] Error 2


